[00:44:15] [ServerMain/INFO]: [bootstrap] Running Java 21 (OpenJDK 64-Bit Server VM 21.0.8+9-Ubuntu-0ubuntu124.04.1; Ubuntu null) on Linux 6.8.0-1030-azure (amd64)
[00:44:15] [ServerMain/INFO]: [bootstrap] Loading Paper 1.21.8-6-main@782ce95 (2025-07-18T20:26:58Z) for Minecraft 1.21.8
[00:44:15] [ServerMain/INFO]: [PluginInitializerManager] Initializing plugins...
[00:44:15] [ServerMain/INFO]: [PluginInitializerManager] Initialized 0 plugins
[00:44:16] [Paper Plugin Remapper Thread - 0/INFO]: [ReobfServer] Remapping server...
[00:44:23] [ServerMain/INFO]: Environment: Environment[sessionHost=https://sessionserver.mojang.com, servicesHost=https://api.minecraftservices.com, name=PROD]
[00:44:23] [ServerMain/INFO]: Found new data pack file/bukkit, loading it automatically
[00:44:23] [ServerMain/INFO]: Found new data pack paper, loading it automatically
[00:44:25] [ServerMain/INFO]: No existing world data, creating new world
[00:44:25] [Paper Plugin Remapper Thread - 0/INFO]: [ReobfServer] Done remapping server in 8877ms.
[00:44:26] [ServerMain/INFO]: Loaded 1407 recipes
[00:44:26] [ServerMain/INFO]: Loaded 1520 advancements
[00:44:26] [ServerMain/INFO]: [ca.spottedleaf.dataconverter.minecraft.datatypes.MCTypeRegistry] Initialising converters for DataConverter...
[00:44:26] [ServerMain/INFO]: [ca.spottedleaf.dataconverter.minecraft.datatypes.MCTypeRegistry] Finished initialising converters for DataConverter in 401.9ms
[00:44:26] [Server thread/INFO]: Starting minecraft server version 1.21.8
[00:44:26] [Server thread/INFO]: Loading properties
[00:44:26] [Server thread/INFO]: This server is running Paper version 1.21.8-6-main@782ce95 (2025-07-18T20:26:58Z) (Implementing API version 1.21.8-R0.1-SNAPSHOT)
[00:44:26] [Server thread/INFO]: [spark] This server bundles the spark profiler. For more information please visit https://docs.papermc.io/paper/profiling
[00:44:26] [Server thread/INFO]: Server Ping Player Sample Count: 12
[00:44:26] [Server thread/INFO]: Using 4 threads for Netty based IO
[00:44:27] [Server thread/INFO]: [MoonriseCommon] Paper is using 1 worker threads, 1 I/O threads
[00:44:27] [Server thread/INFO]: [ChunkTaskScheduler] Chunk system is using population gen parallelism: true
[00:44:28] [Server thread/INFO]: Default game type: SURVIVAL
[00:44:28] [Server thread/INFO]: Generating keypair
[00:44:28] [Server thread/INFO]: Starting Minecraft server on *:25565
[00:44:28] [Server thread/INFO]: Using epoll channel type
[00:44:28] [Server thread/INFO]: Paper: Using libdeflate (Linux x86_64) compression from Velocity.
[00:44:28] [Server thread/INFO]: Paper: Using OpenSSL 3.x.x (Linux x86_64) cipher from Velocity.
[00:44:28] [Server thread/WARN]: **** SERVER IS RUNNING IN OFFLINE/INSECURE MODE!
[00:44:28] [Server thread/WARN]: The server will make no attempt to authenticate usernames. Beware.
[00:44:28] [Server thread/WARN]: While this makes the game possible to play without internet access, it also opens up the ability for hackers to connect with any username they choose.
[00:44:28] [Server thread/WARN]: To change this, set "online-mode" to "true" in the server.properties file.
[00:44:28] [Server thread/INFO]: Preparing level "world"
[00:44:37] [Server thread/INFO]: Preparing start region for dimension minecraft:overworld
[00:44:37] [Server thread/INFO]: Preparing spawn area: 2%
[00:44:38] [Server thread/INFO]: Preparing spawn area: 2%
[00:44:38] [Server thread/INFO]: Preparing spawn area: 2%
[00:44:39] [Server thread/INFO]: Preparing spawn area: 2%
[00:44:39] [Server thread/INFO]: Preparing spawn area: 14%
[00:44:40] [Server thread/INFO]: Preparing spawn area: 18%
[00:44:40] [Server thread/INFO]: Preparing spawn area: 18%
[00:44:41] [Server thread/INFO]: Preparing spawn area: 46%
[00:44:41] [Server thread/INFO]: Preparing spawn area: 51%
[00:44:42] [Server thread/INFO]: Preparing spawn area: 51%
[00:44:42] [Server thread/INFO]: Preparing spawn area: 51%
[00:44:43] [Server thread/INFO]: Time elapsed: 5273 ms
[00:44:43] [Server thread/INFO]: Preparing start region for dimension minecraft:the_nether
[00:44:43] [Server thread/INFO]: Preparing spawn area: 2%
[00:44:43] [Server thread/INFO]: Preparing spawn area: 8%
[00:44:44] [Server thread/INFO]: Preparing spawn area: 28%
[00:44:44] [Server thread/INFO]: Preparing spawn area: 51%
[00:44:44] [Server thread/INFO]: Time elapsed: 1759 ms
[00:44:44] [Server thread/INFO]: Preparing start region for dimension minecraft:the_end
[00:44:44] [Server thread/INFO]: Preparing spawn area: 2%
[00:44:45] [Server thread/INFO]: Time elapsed: 473 ms
[00:44:45] [Server thread/INFO]: [spark] Starting background profiler...
[00:44:45] [Server thread/INFO]: Done preparing level "world" (17.682s)
[00:44:45] [Server thread/INFO]: Running delayed init tasks
[00:44:45] [Server thread/INFO]: Done (30.957s)! For help, type "help"
[00:44:45] [Server thread/INFO]: *************************************************************************************
[00:44:45] [Server thread/INFO]: This is the first time you're starting this server.
[00:44:45] [Server thread/INFO]: It's recommended you read our 'Getting Started' documentation for guidance.
[00:44:45] [Server thread/INFO]: View this and more helpful information here: https://docs.papermc.io/paper/next-steps
[00:44:45] [Server thread/INFO]: *************************************************************************************
[00:50:59] [Server thread/INFO]: Stopping the server
[00:50:59] [Server thread/INFO]: Stopping server
[00:50:59] [Server thread/INFO]: Saving players
[00:50:59] [Server thread/INFO]: Saving worlds
[00:50:59] [Server thread/INFO]: Saving chunks for level 'ServerLevel[world]'/minecraft:overworld
[00:50:59] [Server thread/INFO]: [ChunkHolderManager] Waiting 60s for chunk system to halt for world 'world'
[00:50:59] [Server thread/INFO]: [ChunkHolderManager] Halted chunk system for world 'world'
[00:50:59] [Server thread/INFO]: [ChunkHolderManager] Saving all chunkholders for world 'world'
[00:51:00] [Server thread/INFO]: [ChunkHolderManager] Saved 796 block chunks, 6 entity chunks, 0 poi chunks in world 'world' in 0.50s
[00:51:00] [Server thread/INFO]: [ChunkHolderManager] Waiting 60s for chunk I/O to halt for world 'world'
[00:51:00] [Server thread/INFO]: [ChunkHolderManager] Halted I/O scheduler for world 'world'
[00:51:00] [Server thread/INFO]: Saving chunks for level 'ServerLevel[world_nether]'/minecraft:the_nether
[00:51:00] [Server thread/INFO]: [ChunkHolderManager] Waiting 60s for chunk system to halt for world 'world_nether'
[00:51:00] [Server thread/INFO]: [ChunkHolderManager] Halted chunk system for world 'world_nether'
[00:51:00] [Server thread/INFO]: [ChunkHolderManager] Saving all chunkholders for world 'world_nether'
[00:51:00] [Server thread/INFO]: [ChunkHolderManager] Saved 794 block chunks, 0 entity chunks, 0 poi chunks in world 'world_nether' in 0.47s
[00:51:00] [Server thread/INFO]: [ChunkHolderManager] Waiting 60s for chunk I/O to halt for world 'world_nether'
[00:51:00] [Server thread/INFO]: [ChunkHolderManager] Halted I/O scheduler for world 'world_nether'
[00:51:00] [Server thread/INFO]: Saving chunks for level 'ServerLevel[world_the_end]'/minecraft:the_end
[00:51:00] [Server thread/INFO]: [ChunkHolderManager] Waiting 60s for chunk system to halt for world 'world_the_end'
[00:51:00] [Server thread/INFO]: [ChunkHolderManager] Halted chunk system for world 'world_the_end'
[00:51:00] [Server thread/INFO]: [ChunkHolderManager] Saving all chunkholders for world 'world_the_end'
[00:51:01] [Server thread/INFO]: [ChunkHolderManager] Saved 792 block chunks, 10 entity chunks, 0 poi chunks in world 'world_the_end' in 0.28s
[00:51:01] [Server thread/INFO]: [ChunkHolderManager] Waiting 60s for chunk I/O to halt for world 'world_the_end'
[00:51:01] [Server thread/INFO]: [ChunkHolderManager] Halted I/O scheduler for world 'world_the_end'
[00:51:01] [Server thread/INFO]: ThreadedAnvilChunkStorage (world): All chunks are saved
[00:51:01] [Server thread/INFO]: ThreadedAnvilChunkStorage (DIM-1): All chunks are saved
[00:51:01] [Server thread/INFO]: ThreadedAnvilChunkStorage (DIM1): All chunks are saved
[00:51:01] [Server thread/INFO]: ThreadedAnvilChunkStorage: All dimensions are saved
[00:51:01] [Server thread/INFO]: Waiting for all RegionFile I/O tasks to complete...
[00:51:01] [Server thread/INFO]: All RegionFile I/O tasks to complete
[00:51:01] [Server thread/INFO]: [MoonriseCommon] Awaiting termination of worker pool for up to 60s...
[00:51:01] [Server thread/INFO]: [MoonriseCommon] Awaiting termination of I/O pool for up to 60s...
